D:\WORK\FIREFOX-AGENT\SYNTHETIC CODE BY LPP\JNITHREAD\THREADJNI 2015-07-03\THREADJNI\THREADJNI\X64\DEBUG\THREADJNI.OBJ
D:\WORK\FIREFOX-AGENT\SYNTHETIC CODE BY LPP\JNITHREAD\THREADJNI 2015-07-03\THREADJNI\THREADJNI\X64\DEBUG\THREADPARAMETER.OBJ
D:\WORK\FIREFOX-AGENT\SYNTHETIC CODE BY LPP\JNITHREAD\THREADJNI 2015-07-03\THREADJNI\THREADJNI\X64\DEBUG\VC110.PDB
D:\WORK\FIREFOX-AGENT\SYNTHETIC CODE BY LPP\JNITHREAD\THREADJNI 2015-07-03\THREADJNI\X64\DEBUG\THREADJNI.ILK
D:\WORK\FIREFOX-AGENT\SYNTHETIC CODE BY LPP\JNITHREAD\THREADJNI 2015-07-03\THREADJNI\X64\DEBUG\THREADJNI.DLL
D:\WORK\FIREFOX-AGENT\SYNTHETIC CODE BY LPP\JNITHREAD\THREADJNI 2015-07-03\THREADJNI\X64\DEBUG\THREADJNI.PDB
D:\work\firefox-agent\synthetic code by lpp\JniThread\ThreadJni 2015-07-03\ThreadJni\x64\Debug\ThreadJni.lib
D:\work\firefox-agent\synthetic code by lpp\JniThread\ThreadJni 2015-07-03\ThreadJni\x64\Debug\ThreadJni.exp
D:\work\firefox-agent\synthetic code by lpp\JniThread\ThreadJni 2015-07-03\ThreadJni\ThreadJni\x64\Debug\ThreadJni.obj
D:\work\firefox-agent\synthetic code by lpp\JniThread\ThreadJni 2015-07-03\ThreadJni\ThreadJni\x64\Debug\ThreadParameter.obj
D:\work\firefox-agent\synthetic code by lpp\JniThread\ThreadJni 2015-07-03\ThreadJni\ThreadJni\x64\Debug\cl.command.1.tlog
D:\work\firefox-agent\synthetic code by lpp\JniThread\ThreadJni 2015-07-03\ThreadJni\ThreadJni\x64\Debug\CL.read.1.tlog
D:\work\firefox-agent\synthetic code by lpp\JniThread\ThreadJni 2015-07-03\ThreadJni\ThreadJni\x64\Debug\CL.write.1.tlog
D:\work\firefox-agent\synthetic code by lpp\JniThread\ThreadJni 2015-07-03\ThreadJni\ThreadJni\x64\Debug\link-cvtres.read.1.tlog
D:\work\firefox-agent\synthetic code by lpp\JniThread\ThreadJni 2015-07-03\ThreadJni\ThreadJni\x64\Debug\link-cvtres.write.1.tlog
D:\work\firefox-agent\synthetic code by lpp\JniThread\ThreadJni 2015-07-03\ThreadJni\ThreadJni\x64\Debug\link-rc.read.1.tlog
D:\work\firefox-agent\synthetic code by lpp\JniThread\ThreadJni 2015-07-03\ThreadJni\ThreadJni\x64\Debug\link-rc.write.1.tlog
D:\work\firefox-agent\synthetic code by lpp\JniThread\ThreadJni 2015-07-03\ThreadJni\ThreadJni\x64\Debug\link.command.1.tlog
D:\work\firefox-agent\synthetic code by lpp\JniThread\ThreadJni 2015-07-03\ThreadJni\ThreadJni\x64\Debug\link.read.1.tlog
D:\work\firefox-agent\synthetic code by lpp\JniThread\ThreadJni 2015-07-03\ThreadJni\ThreadJni\x64\Debug\link.write.1.tlog
D:\work\firefox-agent\synthetic code by lpp\JniThread\ThreadJni 2015-07-03\ThreadJni\ThreadJni\x64\Debug\ThreadJni.write.1.tlog
D:\work\firefox-agent\synthetic code by lpp\JniThread\ThreadJni 2015-07-03\ThreadJni\ThreadJni\x64\Debug\vc110.idb
D:\work\firefox-agent\synthetic code by lpp\JniThread\ThreadJni 2015-07-03\ThreadJni\ThreadJni\x64\Debug\vc110.pdb
D:\work\firefox-agent\synthetic code by lpp\JniThread\ThreadJni 2015-07-03\ThreadJni\x64\Debug\ThreadJni.pdb
D:\work\firefox-agent\synthetic code by lpp\JniThread\ThreadJni 2015-07-03\ThreadJni\x64\Debug\ThreadJni.dll
D:\work\firefox-agent\synthetic code by lpp\JniThread\ThreadJni 2015-07-03\ThreadJni\x64\Debug\ThreadJni.ilk
